c:\users\lukec\onedrive\documents\4031project\cz4031project\cz4031project\x64\debug\vc142.pdb
c:\users\lukec\onedrive\documents\4031project\cz4031project\cz4031project\x64\debug\vc142.idb
c:\users\lukec\onedrive\documents\4031project\cz4031project\cz4031project\x64\debug\search.obj
c:\users\lukec\onedrive\documents\4031project\cz4031project\cz4031project\x64\debug\remove.obj
c:\users\lukec\onedrive\documents\4031project\cz4031project\cz4031project\x64\debug\mem_pool.obj
c:\users\lukec\onedrive\documents\4031project\cz4031project\cz4031project\x64\debug\main.obj
c:\users\lukec\onedrive\documents\4031project\cz4031project\cz4031project\x64\debug\insert.obj
c:\users\lukec\onedrive\documents\4031project\cz4031project\cz4031project\x64\debug\bpp.obj
c:\users\lukec\onedrive\documents\4031project\cz4031project\x64\debug\cz4031project.exe
c:\users\lukec\onedrive\documents\4031project\cz4031project\cz4031project\x64\debug\cz4031project.ilk
c:\users\lukec\onedrive\documents\4031project\cz4031project\x64\debug\cz4031project.pdb
c:\users\lukec\onedrive\documents\4031project\cz4031project\cz4031project\x64\debug\bpp.obj.enc
c:\users\lukec\onedrive\documents\4031project\cz4031project\cz4031project\x64\debug\insert.obj.enc
c:\users\lukec\onedrive\documents\4031project\cz4031project\cz4031project\x64\debug\main.obj.enc
c:\users\lukec\onedrive\documents\4031project\cz4031project\cz4031project\x64\debug\search.obj.enc
c:\users\lukec\onedrive\documents\4031project\cz4031project\cz4031project\x64\debug\cz4031project.tlog\cl.command.1.tlog
c:\users\lukec\onedrive\documents\4031project\cz4031project\cz4031project\x64\debug\cz4031project.tlog\cl.read.1.tlog
c:\users\lukec\onedrive\documents\4031project\cz4031project\cz4031project\x64\debug\cz4031project.tlog\cl.write.1.tlog
c:\users\lukec\onedrive\documents\4031project\cz4031project\cz4031project\x64\debug\cz4031project.tlog\link.command.1.tlog
c:\users\lukec\onedrive\documents\4031project\cz4031project\cz4031project\x64\debug\cz4031project.tlog\link.read.1.tlog
c:\users\lukec\onedrive\documents\4031project\cz4031project\cz4031project\x64\debug\cz4031project.tlog\link.write.1.tlog
